INFO:root:Something
INFO:root:Pushed {'name': 'Brent Valdez', 'email': 'annagregory@example.org', 'phone': '139.386.6589', 'url': 'https://ayers-perry.com/', 'type': 'email'} | task-id: a85d7833-d01b-497a-8c84-e74d24347431
INFO:root:Pushed {'name': 'Jonathan Green', 'email': 'rpope@example.com', 'phone': '(245)765-5361x8165', 'url': None, 'type': 'email'} | task-id: 6058db8c-98c6-4c44-ac60-91f4c0a64a8b
INFO:root:Pushed {'name': 'Barbara Donovan', 'email': 'richardhoffman@example.com', 'phone': '347-725-8534', 'url': None, 'type': 'post'} | task-id: 47155f53-7494-4bd0-8f3e-7a1d0ac94619
INFO:root:Pushed {'name': 'Stephanie Martin', 'email': 'rodriguezstephanie@example.org', 'phone': '001-621-651-0995x703', 'url': 'https://www.nunez.com/', 'type': 'post'} | task-id: d54f4138-d692-4c84-8df7-377792b7ee88
INFO:root:Pushed {'name': 'Yvonne Austin', 'email': 'zsanchez@example.com', 'phone': '+1-958-907-7622x38111', 'url': 'https://weaver.com/', 'type': 'sms'} | task-id: 8941e0d5-7b9e-4d4b-a4e6-bd28ba1632e1
INFO:root:Pushed {'name': 'Jesse Allen', 'email': 'meyermary@example.com', 'phone': '(822)066-7736x07441', 'url': None, 'type': 'post'} | task-id: 685a3007-1213-40e4-aa50-b53e459fe897
INFO:root:Pushed {'name': 'Natalie Williamson', 'email': 'johngentry@example.org', 'phone': None, 'url': 'http://mayer.net/', 'type': 'sms'} | task-id: 641f653d-54db-4080-8db1-91842dfe1e89
INFO:root:Pushed {'name': 'Annette Carrillo', 'email': 'andreaabbott@example.net', 'phone': '852-061-5883', 'url': 'https://thomas-martinez.com/', 'type': 'email'} | task-id: de86a2b9-a3da-40d9-a24b-6e7f0548f5ec
INFO:root:Pushed {'name': 'Tyler Malone', 'email': 'walterwilson@example.net', 'phone': '001-808-223-5608', 'url': 'http://www.wilson.com/', 'type': 'email'} | task-id: 05522712-8e3d-4649-bb47-66daafa77b7c
INFO:root:Pushed {'name': 'Linda Garrett', 'email': None, 'phone': None, 'url': 'http://www.perkins.biz/', 'type': 'sms'} | task-id: 06b1b336-2441-469f-9fa7-f0042fa08098
INFO:root:Pushed {'name': 'Mary Romero', 'email': 'brian67@example.org', 'phone': '001-715-329-2795x89468', 'url': 'https://dunlap-vargas.org/', 'type': 'email'} | task-id: c50aab28-2399-4e33-9d99-7fd655fb1c3a
INFO:root:Pushed {'name': 'Karen Patrick', 'email': 'gilbertdebbie@example.com', 'phone': '1342777405', 'url': 'http://spence.net/', 'type': 'sms'} | task-id: 39e0a693-5b8a-4c38-bdb0-f582fe941289
INFO:root:Pushed {'name': 'Laurie White', 'email': 'jeffmckinney@example.org', 'phone': '+1-116-429-6920x5162', 'url': 'http://www.delacruz.net/', 'type': 'post'} | task-id: 6f71b00c-df9f-4af7-9831-b62b4ddc1a2e
INFO:root:Pushed {'name': 'Michael Thornton', 'email': 'angelanovak@example.net', 'phone': '+1-362-166-2771x439', 'url': 'https://richardson.com/', 'type': 'post'} | task-id: 15685af0-8663-40bb-8d12-78db5974a0f5
INFO:root:Pushed {'name': 'Janet Ross', 'email': 'amber72@example.net', 'phone': None, 'url': 'http://neal.info/', 'type': 'post'} | task-id: 4b858272-adbf-4b3e-aaec-7348e760cc77
INFO:root:Pushed {'name': 'William Thompson', 'email': 'jeffrey17@example.org', 'phone': None, 'url': None, 'type': 'sms'} | task-id: 93a3dc06-8347-4f34-8222-93e30c222624
INFO:root:Pushed {'name': 'Stephanie Lawrence', 'email': 'jacobhaas@example.org', 'phone': '(102)411-6899x9051', 'url': 'http://www.price-wilcox.biz/', 'type': 'post'} | task-id: 05f9d3a3-61d8-4fae-bca3-0ff69b138443
INFO:root:Pushed {'name': 'Ian Grimes', 'email': 'robertmitchell@example.com', 'phone': '001-833-041-4443x33362', 'url': 'https://martinez.com/', 'type': 'post'} | task-id: b679b915-285f-47db-874a-87c81f613861
INFO:root:Pushed {'name': 'Roger Hardy', 'email': 'sullivanchristopher@example.org', 'phone': '(701)184-5522x920', 'url': 'https://www.archer.com/', 'type': 'sms'} | task-id: bbdab256-1d0d-4dee-9f1f-87927fbc162c
INFO:root:Pushed {'name': 'Antonio Chambers', 'email': None, 'phone': '(931)911-1606', 'url': 'http://ford-hernandez.biz/', 'type': 'post'} | task-id: 2123efdb-a09d-4c18-9382-f05bd0ee73ac
INFO:root:Pushed {'name': 'Eric Nguyen', 'email': 'stevencurtis@example.com', 'phone': '001-328-336-5676', 'url': 'http://www.jimenez-griffith.com/', 'type': 'email'} | task-id: 1f33ddb8-208e-433a-b39a-61f6d2cf05a7
INFO:root:Pushed {'name': 'Ann Ramirez', 'email': 'sescobar@example.net', 'phone': '+1-293-028-6866', 'url': 'http://hamilton.info/', 'type': 'post'} | task-id: 2204dd8e-a8f7-4df7-b21e-4d67cd6d5b97
INFO:root:Pushed {'name': 'Kaitlyn Smith', 'email': None, 'phone': '(884)919-6815', 'url': None, 'type': 'sms'} | task-id: 5cc86b68-6a35-48e5-a36d-be8f46eb8233
INFO:root:Pushed {'name': 'Christina Cooke DDS', 'email': 'candice50@example.net', 'phone': '(222)754-9143', 'url': 'https://www.villa-hernandez.com/', 'type': 'sms'} | task-id: 3d82049b-758c-47d2-b5c1-86ec0063475c
INFO:root:Pushed {'name': 'Kevin Acevedo', 'email': 'kingmary@example.net', 'phone': '839.573.5815x8362', 'url': 'https://www.barber.com/', 'type': 'post'} | task-id: 3df26b6f-b07c-47c0-ab0d-c31374e17f8c
INFO:root:Pushed {'name': 'Alicia Tyler', 'email': 'ojones@example.net', 'phone': '+1-839-434-9458x4838', 'url': 'https://www.davenport.info/', 'type': 'post'} | task-id: 8888d277-1280-44ad-897c-7916bfd5649f
INFO:root:Pushed {'name': 'Cameron Leon', 'email': 'smiththeresa@example.net', 'phone': None, 'url': 'https://www.owens.biz/', 'type': 'sms'} | task-id: 0e1e0d6b-94ff-4026-b7a8-8199a8c64dc5
INFO:root:Pushed {'name': 'Caroline Brown', 'email': 'fraziercynthia@example.com', 'phone': '+1-862-968-1276x1696', 'url': 'https://jensen-johnson.net/', 'type': 'email'} | task-id: 96f08650-ea5c-4556-be50-146515453740
INFO:root:Pushed {'name': 'Janet Mckee', 'email': 'derekduncan@example.org', 'phone': '638.149.0369x330', 'url': 'http://scott.com/', 'type': 'sms'} | task-id: 957aa55b-d0b8-45de-a079-9b7e317109c4
INFO:root:Pushed {'name': 'Mallory Cooley', 'email': 'gambleevan@example.com', 'phone': None, 'url': None, 'type': 'sms'} | task-id: df2282a3-5863-4d4c-ba31-245f343c9eb8
INFO:root:Pushed {'name': 'Steven Ruiz', 'email': 'chad32@example.org', 'phone': '001-968-595-1926x86351', 'url': 'http://www.taylor-miller.com/', 'type': 'post'} | task-id: 738b7f44-32be-41a3-a760-820f63b0dab6
INFO:root:Pushed {'name': 'Sharon Knapp', 'email': 'vjohnson@example.com', 'phone': '+1-057-729-1980x6236', 'url': 'https://roberts-blair.net/', 'type': 'sms'} | task-id: 9804f552-d438-42eb-aedd-fa69a338466a
INFO:root:Pushed {'name': 'Cynthia Salazar', 'email': 'jonathankaufman@example.net', 'phone': '3132813760', 'url': 'https://www.parker.com/', 'type': 'post'} | task-id: c462f59d-326f-44e6-a9b3-f56d8435fe40
INFO:root:Pushed {'name': 'Emily Mitchell', 'email': 'james41@example.com', 'phone': '578.073.8049', 'url': 'https://johnson.biz/', 'type': 'post'} | task-id: debf87d8-dfb7-4c2c-afcd-6bae6975c5e9
INFO:root:Pushed {'name': 'Carolyn Smith', 'email': 'rhonda80@example.org', 'phone': '001-674-127-7112x667', 'url': None, 'type': 'post'} | task-id: 60884bd7-5a10-4c26-bb09-da745b26752c
INFO:root:Pushed {'name': 'Joshua Rojas', 'email': 'luke15@example.net', 'phone': '(291)891-1409x95795', 'url': 'http://www.oconnor.com/', 'type': 'email'} | task-id: af7b9879-a313-4a53-8613-8cb7ccaf4b30
INFO:root:Pushed {'name': 'Deborah Dickson', 'email': 'hopkinsjasmine@example.net', 'phone': '(344)656-0882', 'url': 'http://massey-wood.com/', 'type': 'sms'} | task-id: 723dcd38-3fae-463e-8336-d9e6376f1d66
INFO:root:Pushed {'name': 'Laura Simmons', 'email': 'catherine19@example.org', 'phone': '(459)767-6066x8308', 'url': None, 'type': 'sms'} | task-id: bc7ac8de-af83-4067-9148-6596eaf2fb31
INFO:root:Pushed {'name': 'Julia Petty', 'email': 'mcgeeshirley@example.net', 'phone': '652-489-3628x0577', 'url': 'http://lawrence.com/', 'type': 'post'} | task-id: 66993048-f15a-4973-9bc3-8eedf0163343
INFO:root:Pushed {'name': 'Michelle Wilson', 'email': 'jsutton@example.net', 'phone': '0476580650', 'url': 'https://allen.com/', 'type': 'sms'} | task-id: 89d25c78-b290-4c3e-9ab0-79dda4bba2c6
INFO:root:Pushed {'name': 'Stephanie Kramer', 'email': 'justinrios@example.org', 'phone': None, 'url': 'http://shaw-gilbert.com/', 'type': 'sms'} | task-id: 16d95fcc-9afe-4ad6-aff9-74a42d41516e
INFO:root:Pushed {'name': 'Dennis Stephens', 'email': 'travis56@example.net', 'phone': '+1-219-693-0240x7842', 'url': 'https://www.brown-dickerson.com/', 'type': 'sms'} | task-id: e788a973-45b2-4cda-b4b2-e949b6372e31
INFO:root:Pushed {'name': 'Jessica Bowers', 'email': 'shane77@example.net', 'phone': '(088)166-1663x7165', 'url': 'http://www.taylor.biz/', 'type': 'sms'} | task-id: 43be4d90-24c0-42f8-814e-ccf07a744313
INFO:root:Pushed {'name': 'Donna Kelly', 'email': 'brownmichelle@example.net', 'phone': None, 'url': 'https://www.robinson.com/', 'type': 'email'} | task-id: 9b1bf78d-c340-44b5-be8e-25a2774ff5ef
INFO:root:Pushed {'name': 'Traci Morrison MD', 'email': 'derrickwheeler@example.net', 'phone': '0967704570', 'url': 'http://lawrence-torres.info/', 'type': 'sms'} | task-id: 9c333e34-859f-482c-8642-32f2bf62b530
INFO:root:Pushed {'name': 'Tina Young', 'email': 'perryjose@example.net', 'phone': '(162)131-5512', 'url': 'http://www.cobb.org/', 'type': 'post'} | task-id: ccf44dbb-ad24-4f60-8c9d-11106d0276ed
INFO:root:Pushed {'name': 'Laura Johnston', 'email': None, 'phone': '(432)616-4576', 'url': 'http://peterson.biz/', 'type': 'email'} | task-id: 8e5f5235-1537-4e1e-a692-a38d7852fa1e
INFO:root:Pushed {'name': 'Donna Smith', 'email': 'joshua84@example.org', 'phone': '439-561-7806', 'url': 'https://hayes.org/', 'type': 'email'} | task-id: 7f844bb7-2d72-4773-b4fe-87f821c05c2d
INFO:root:Pushed {'name': 'Ashley Russell', 'email': 'juansmith@example.org', 'phone': '079-300-1426', 'url': 'http://www.shepard-jones.com/', 'type': 'post'} | task-id: 00b5c62b-a481-43d9-8a03-1b17a77904d9
INFO:root:Pushed {'name': 'Elizabeth Miller', 'email': 'millerrobert@example.net', 'phone': '+1-267-037-3647x7380', 'url': 'http://www.page.com/', 'type': 'email'} | task-id: 0418c38b-83ad-44e4-b27a-56713cf20129
INFO:root:Pushed {'name': 'Jeffrey Rice', 'email': 'franklinheather@example.net', 'phone': '074.829.0298x071', 'url': 'https://robbins.net/', 'type': 'email'} | task-id: 7c0b120d-3f04-4f04-8228-6c32f5b438b2
INFO:root:Pushed {'name': 'Kenneth Wilkerson', 'email': 'logangray@example.org', 'phone': '315-445-5777x199', 'url': 'https://www.stout-bruce.com/', 'type': 'post'} | task-id: 67355ae1-e90c-4eac-ac6d-b38c13341962
INFO:root:Pushed {'name': 'Nicole Alexander', 'email': 'sheltontodd@example.net', 'phone': '779-752-5518', 'url': None, 'type': 'post'} | task-id: b00b264e-27df-4f40-b806-91a332798d16
INFO:root:Pushed {'name': 'Desiree Alexander', 'email': 'scottashley@example.net', 'phone': None, 'url': None, 'type': 'email'} | task-id: 6c2c929a-06fc-4397-bfe4-77b212f95062
INFO:root:Pushed {'name': 'Edgar Fletcher', 'email': 'yhill@example.net', 'phone': '001-806-037-8167x3780', 'url': 'https://www.wilson.biz/', 'type': 'post'} | task-id: c5de38c9-aed5-4cd6-ad67-36f4e0d220f0
INFO:root:Pushed {'name': 'David Johnson', 'email': 'kimberly47@example.net', 'phone': None, 'url': 'https://harrison-fowler.org/', 'type': 'sms'} | task-id: 7846a920-ca3d-4bf8-88e2-f79b0bdb6dc8
INFO:root:Pushed {'name': 'Sarah Hernandez', 'email': 'tamarareid@example.org', 'phone': None, 'url': 'http://colon.com/', 'type': 'email'} | task-id: 9b09f578-4aab-418b-ac23-cac53ddee814
INFO:root:Pushed {'name': 'Kelly Rasmussen', 'email': 'walkernathan@example.com', 'phone': '227.650.1484', 'url': None, 'type': 'sms'} | task-id: 81f4f14e-3992-477c-adda-11d1fe90509d
INFO:root:Pushed {'name': 'Colton Howell', 'email': 'millercarlos@example.org', 'phone': '001-608-654-2526x7604', 'url': 'http://gomez.com/', 'type': 'post'} | task-id: bbcfb204-7aa8-4d32-a65c-1a953fe09cd3
INFO:root:Pushed {'name': 'Dustin Wilcox', 'email': 'zking@example.net', 'phone': '001-446-754-7336x944', 'url': 'https://www.escobar.com/', 'type': 'sms'} | task-id: 87b62852-04fe-44bc-8620-bbc7ce4bf570
INFO:root:Pushed {'name': 'Frank Monroe', 'email': 'wilsonbrett@example.net', 'phone': '255.587.1340x576', 'url': None, 'type': 'sms'} | task-id: e564d29a-f34b-4dec-8d8c-ec8afac62bca
INFO:root:Pushed {'name': 'Jonathan Harrington Jr.', 'email': 'johnsonstacy@example.com', 'phone': '907-324-6170', 'url': None, 'type': 'email'} | task-id: e44296af-9ef7-447a-8cf5-81ddaae7b955
INFO:root:Pushed {'name': 'Patricia Vincent', 'email': None, 'phone': '(021)107-2739x24514', 'url': None, 'type': 'post'} | task-id: 3cd69c7f-cb5f-45e4-8840-b1a15db31599
INFO:root:Pushed {'name': 'Kaitlin Miles', 'email': None, 'phone': None, 'url': 'http://banks-atkins.info/', 'type': 'email'} | task-id: 06f560ab-28dd-4112-a444-bac31ea538c7
INFO:root:Pushed {'name': 'Steven Foster', 'email': 'ndawson@example.org', 'phone': None, 'url': 'http://davis.biz/', 'type': 'sms'} | task-id: 5832c78f-19ae-420b-b595-ce6ba2eeb893
INFO:root:Pushed {'name': 'Matthew Bush', 'email': 'rlopez@example.org', 'phone': '+1-846-542-6635x0987', 'url': None, 'type': 'sms'} | task-id: 5ef134b3-88d4-4af9-84d3-aedcdaa1c89e
INFO:root:Pushed {'name': 'Kayla Molina', 'email': None, 'phone': '717-483-1971x25939', 'url': 'http://www.keller.com/', 'type': 'sms'} | task-id: 84d6f00c-af3b-4ad3-b627-910b48423b00
INFO:root:Pushed {'name': 'Kimberly Hancock', 'email': 'nicole48@example.com', 'phone': '+1-381-661-9545', 'url': 'https://www.meyer-miller.info/', 'type': 'email'} | task-id: cf887f89-1a08-468b-a438-837aabb49afd
INFO:root:Pushed {'name': 'Christian Gibson', 'email': 'johnmeadows@example.com', 'phone': None, 'url': 'https://nguyen-moore.com/', 'type': 'post'} | task-id: 53b2f3d2-cc65-4c37-b50b-4298ae50af54
INFO:root:Pushed {'name': 'Barbara Anderson', 'email': 'alexandracollins@example.com', 'phone': '373-597-8239x7927', 'url': 'https://gonzalez.info/', 'type': 'sms'} | task-id: e8ccc0bf-28d6-4c29-a20b-745e284388f5
INFO:root:Pushed {'name': 'Julia Andrews', 'email': 'angeladean@example.com', 'phone': '097.246.1175x40643', 'url': 'http://www.thompson.com/', 'type': 'sms'} | task-id: f2d9c517-f530-4f73-a706-79875409cec9
INFO:root:Pushed {'name': 'Timothy Washington', 'email': None, 'phone': '(756)846-0489x073', 'url': 'https://www.wong.com/', 'type': 'email'} | task-id: 97b8ba35-75c0-42a2-b5d4-60cc90fbe18b
INFO:root:Pushed {'name': 'Catherine Park', 'email': 'gouldalbert@example.com', 'phone': '001-230-693-0574x1732', 'url': 'http://lucas-adkins.com/', 'type': 'sms'} | task-id: e89a5f80-4f31-40b4-a707-d6d877aeb83e
INFO:root:Pushed {'name': 'Joseph Strickland', 'email': 'yadams@example.com', 'phone': None, 'url': 'http://www.ramirez.net/', 'type': 'post'} | task-id: 229aa655-5b0a-493e-90a9-6674842395d6
INFO:root:Pushed {'name': 'Michelle Cox', 'email': 'kvang@example.org', 'phone': None, 'url': 'http://obrien-clark.com/', 'type': 'post'} | task-id: d9914fe3-1b66-4367-8c17-6c7dad3b2140
INFO:root:Pushed {'name': 'Ricky Thomas', 'email': 'dianasimmons@example.com', 'phone': '(306)900-9310x8128', 'url': 'http://www.thompson.com/', 'type': 'sms'} | task-id: 48479112-393e-420f-9456-36bd07944881
INFO:root:Pushed {'name': 'Alicia Chen', 'email': 'casey65@example.net', 'phone': '649-014-8311x03192', 'url': 'https://www.williams-bell.com/', 'type': 'email'} | task-id: 431f9791-18cb-4db7-8372-4f25134cecc9
INFO:root:Pushed {'name': 'Stephen Frey', 'email': 'gonzalesnicholas@example.org', 'phone': '001-175-297-5762', 'url': 'https://www.donaldson.com/', 'type': 'sms'} | task-id: f8c01680-8407-4869-9041-b23ec6c46d8f
INFO:root:Pushed {'name': 'Vickie Brady', 'email': 'cunninghamheather@example.org', 'phone': '(670)401-9158', 'url': 'http://johnson.com/', 'type': 'sms'} | task-id: caebb369-0b2a-4345-a8de-14402c4a6fb4
INFO:root:Pushed {'name': 'Lisa Knight', 'email': 'pamela54@example.org', 'phone': None, 'url': 'http://peterson-morgan.com/', 'type': 'post'} | task-id: dcec4c39-addd-43b4-9d59-115d90ae51f5
INFO:root:Pushed {'name': 'Anne Edwards', 'email': 'john39@example.com', 'phone': '001-897-090-7828x69704', 'url': 'http://smith.org/', 'type': 'post'} | task-id: 1fc465c5-74b5-41c8-9a7c-3322a0e6a627
INFO:root:Pushed {'name': 'Melissa Gray', 'email': 'denisewolf@example.com', 'phone': None, 'url': 'http://www.gomez.com/', 'type': 'post'} | task-id: 4c68fcef-db58-4862-a6d5-ac5d022703d6
INFO:root:Pushed {'name': 'Philip Lewis', 'email': 'thompsonchristopher@example.net', 'phone': '001-814-382-3269x005', 'url': 'https://gallagher.com/', 'type': 'email'} | task-id: c46ca9d1-cd8b-4762-a6d6-ccdf1613c1d4
INFO:root:Pushed {'name': 'Edward Robinson', 'email': 'yhall@example.net', 'phone': '+1-094-013-6499x5055', 'url': 'http://www.williams.com/', 'type': 'post'} | task-id: 3c2dffaf-0c77-491b-84dd-642545715265
INFO:root:Pushed {'name': 'Kyle Coffey DDS', 'email': 'nlane@example.org', 'phone': '001-521-977-5129x686', 'url': 'http://www.hudson.com/', 'type': 'post'} | task-id: e2584588-2b66-42d7-95a7-ce61b4356351
INFO:root:Pushed {'name': 'Paula Mcdonald', 'email': 'john57@example.org', 'phone': '(582)317-7435x14647', 'url': 'https://russell.com/', 'type': 'email'} | task-id: da1cb495-d3bc-4ad2-acbb-eb187d35cf77
INFO:root:Pushed {'name': 'Troy Harris', 'email': 'hollandjames@example.net', 'phone': '(016)343-1826x371', 'url': None, 'type': 'post'} | task-id: ec332a06-92ac-42a8-8402-32037caafb51
INFO:root:Pushed {'name': 'James Luna', 'email': 'patrickstafford@example.com', 'phone': None, 'url': 'https://mathis.com/', 'type': 'email'} | task-id: 1518ec06-aab3-4ee8-a6e8-38b0366fe2d6
INFO:root:Pushed {'name': 'Alan Palmer', 'email': 'andrewjones@example.com', 'phone': None, 'url': 'http://www.russo.com/', 'type': 'sms'} | task-id: 13f79389-6f40-40d6-ac78-917ba11c2b05
INFO:root:Pushed {'name': 'Shannon Woodward', 'email': 'stacyrobinson@example.net', 'phone': '(374)566-8953', 'url': None, 'type': 'email'} | task-id: 498e6e0f-2cf8-4ee5-9cb0-0f9c40e50f53
INFO:root:Pushed {'name': 'Tracey Morgan', 'email': 'mhudson@example.org', 'phone': None, 'url': 'https://lee.biz/', 'type': 'post'} | task-id: 83a89b72-de4f-40cb-acb7-459b85a646ae
INFO:root:Pushed {'name': 'Brad Miller', 'email': None, 'phone': '001-855-504-9048', 'url': 'http://rowe-thomas.com/', 'type': 'email'} | task-id: 5a91767c-5a1d-4ad8-8cdf-b20b4b7bee25
INFO:root:Pushed {'name': 'Douglas Mann', 'email': 'kennethyoung@example.org', 'phone': None, 'url': 'http://www.medina.com/', 'type': 'email'} | task-id: d53e05e2-6052-438c-824e-e153f879897f
INFO:root:Pushed {'name': 'Joshua Fischer', 'email': None, 'phone': '001-664-852-0142x28765', 'url': 'https://navarro.biz/', 'type': 'email'} | task-id: b430bf0f-1d4b-401b-a74c-9a462b2e2911
INFO:root:Pushed {'name': 'Ashley Willis', 'email': None, 'phone': None, 'url': 'https://www.johnson-santana.com/', 'type': 'sms'} | task-id: 6337a4b0-c376-4d8a-80c3-8c5ab64f95db
INFO:root:Pushed {'name': 'Robin Roberts', 'email': None, 'phone': '(137)215-7845x41324', 'url': 'https://young.com/', 'type': 'email'} | task-id: 5c607ad7-950a-4dc2-ba3c-8fe826a15023
INFO:root:Pushed {'name': 'Joel West', 'email': None, 'phone': None, 'url': 'http://bell.com/', 'type': 'email'} | task-id: 9518ad82-f1fd-4ecb-8097-1709a33960b1
INFO:root:Pushed {'name': 'Trevor Cook', 'email': 'maria29@example.org', 'phone': '+1-256-335-9826', 'url': 'https://www.rodriguez-hansen.biz/', 'type': 'email'} | task-id: 1c2ca537-b813-41aa-9f03-8cef00c00b5d
INFO:root:Pushed {'name': 'Lisa Hall', 'email': 'leenathan@example.com', 'phone': '941-888-4029x862', 'url': 'https://walters.com/', 'type': 'post'} | task-id: 23a8057c-d129-4576-8923-de1a02b0484f
INFO:root:Pushed {'name': 'Stephanie Le', 'email': 'iking@example.com', 'phone': '819-611-8478x0929', 'url': 'https://www.moran-mckee.com/', 'type': 'email'} | task-id: c9ac1586-efa4-4aa4-bc18-6778d2a424e6
INFO:root:Pushed {'name': 'Kevin Crawford', 'email': 'bretthopkins@example.org', 'phone': '577-015-3139', 'url': None, 'type': 'email'} | task-id: 4106bac8-137f-4477-bfa0-9d719420e766
INFO:root:Pushed {'name': 'Julia Martinez', 'email': 'smithmatthew@example.org', 'phone': '001-352-976-2828x97135', 'url': None, 'type': 'email'} | task-id: 3533a683-e306-46a8-bbf9-7a5efbaf75e9
INFO:root:Pushed {'name': 'Karen Craig', 'email': 'hharris@example.net', 'phone': '812-766-5349', 'url': 'http://www.walter.com/', 'type': 'sms'} | task-id: 73198792-5643-420e-9a1d-998143bd0bcb
INFO:root:Pushed {'name': 'Michael Adkins', 'email': 'gwise@example.net', 'phone': '684-818-4749', 'url': 'https://www.woods.com/', 'type': 'sms'} | task-id: ccfbb21e-d7c4-47db-b39b-de564c688526
INFO:root:Pushed {'name': 'Courtney Wolfe', 'email': 'winterssandy@example.org', 'phone': '558-357-0565x011', 'url': 'http://clark.org/', 'type': 'email'} | task-id: aa06e8b6-5bb9-41ae-8fd2-7fd434a01a4d
INFO:root:Pushed {'name': 'Terry Floyd', 'email': 'joshua25@example.net', 'phone': None, 'url': 'https://www.patterson.net/', 'type': 'email'} | task-id: 88f7b075-c711-435b-beac-9fa097910441
INFO:root:Pushed {'name': 'Amanda Cardenas', 'email': None, 'phone': '5322204528', 'url': 'http://olsen.com/', 'type': 'post'} | task-id: bc28ce50-7dae-4cf8-a9b5-9fb43c9011b8
INFO:root:Pushed {'name': 'Jerry Lamb', 'email': None, 'phone': '4881960772', 'url': 'https://www.holmes.com/', 'type': 'sms'} | task-id: 56457bdc-b5d5-4040-a22d-81a0eeaf899d
INFO:root:Pushed {'name': 'Christine Brown', 'email': 'qsmith@example.net', 'phone': '001-445-257-7123x751', 'url': 'http://knight.com/', 'type': 'post'} | task-id: 3f659602-55f6-45c5-b2d5-e47f77f57800
INFO:root:Pushed {'name': 'Nathan Logan', 'email': 'cassidy54@example.com', 'phone': '618.390.2676', 'url': 'https://baxter.com/', 'type': 'post'} | task-id: 2f01bdca-523b-4bea-ac9f-48ea9dfdc111
INFO:root:Pushed {'name': 'Emma Robertson', 'email': 'garnerheather@example.com', 'phone': None, 'url': 'https://french.com/', 'type': 'sms'} | task-id: 5d46916d-22c2-4339-bf35-699175515fde
INFO:root:Pushed {'name': 'Lisa Cohen', 'email': 'nicholasaustin@example.com', 'phone': '880-354-7115', 'url': None, 'type': 'post'} | task-id: 8179139b-9cf0-4240-9b25-516d51c4ccfb
INFO:root:Pushed {'name': 'Juan Curtis', 'email': 'josephdalton@example.com', 'phone': '+1-362-123-4418', 'url': 'http://henry.com/', 'type': 'sms'} | task-id: 74ac6e80-931c-43f5-b04e-e1a70360b76a
INFO:root:Pushed {'name': 'Joshua Clark', 'email': 'richardsonemily@example.net', 'phone': '614.587.3472x03151', 'url': None, 'type': 'post'} | task-id: 9c74ef10-eedd-41f0-abe2-3440de3556d4
INFO:root:Pushed {'name': 'Alexandra Scott', 'email': 'elizabeth24@example.org', 'phone': '761.865.4169', 'url': None, 'type': 'post'} | task-id: 7c5796b4-959d-4159-ab8d-419b3a8c25d3
INFO:root:Pushed {'name': 'Tom Mack', 'email': 'michelerodgers@example.org', 'phone': '(380)655-0917', 'url': 'http://www.scott.com/', 'type': 'sms'} | task-id: 997797a0-acc2-4cd5-9986-13a92d67b5bd
INFO:root:Pushed {'name': 'Alexis Jones', 'email': 'vhale@example.org', 'phone': '(098)595-5535x98984', 'url': None, 'type': 'post'} | task-id: 9087dc9b-af2d-430e-aa6a-5d2363606b68
INFO:root:Pushed {'name': 'Patrick Morris', 'email': 'amacias@example.org', 'phone': '566.961.4152x6299', 'url': 'http://leonard.com/', 'type': 'email'} | task-id: 189fe27e-2490-48cf-b6f1-0ec26a63f009
INFO:root:Pushed {'name': 'Anna Harmon', 'email': None, 'phone': '+1-257-877-9974x374', 'url': 'https://ray.com/', 'type': 'sms'} | task-id: 3865a6c5-69b5-4143-bddc-b5895ee04595
INFO:root:Pushed {'name': 'Brandon Barr', 'email': 'barnesjason@example.net', 'phone': '(204)139-6823x0072', 'url': 'http://butler.biz/', 'type': 'post'} | task-id: b80224bf-67f9-4864-9184-5c6232d5692c
INFO:root:Pushed {'name': 'Ashley Friedman', 'email': 'jhanson@example.net', 'phone': None, 'url': None, 'type': 'sms'} | task-id: e572756b-e0af-44cf-8ee1-9585a9d57095
INFO:root:Pushed {'name': 'Ms. Brenda Rios', 'email': 'fsaunders@example.org', 'phone': '001-937-375-3753', 'url': 'https://www.barker.biz/', 'type': 'sms'} | task-id: 37a373a3-1a0e-4c30-8c96-405cfc653116
INFO:root:Pushed {'name': 'Mary Reynolds', 'email': 'michellerice@example.com', 'phone': '222-551-3906x77041', 'url': 'https://www.spencer.com/', 'type': 'post'} | task-id: b0363fb6-3831-474b-92a8-b5a27476684c
INFO:root:Pushed {'name': 'Anthony Simpson', 'email': 'andrew60@example.net', 'phone': None, 'url': 'https://www.howell.com/', 'type': 'email'} | task-id: bb42269d-5748-4edb-9fea-57d4c01af851
INFO:root:Pushed {'name': 'Paul Moore', 'email': 'sherriwilliams@example.com', 'phone': '001-231-702-0660x136', 'url': 'http://www.thompson.com/', 'type': 'email'} | task-id: 27de1b18-d465-4b73-aaed-b85b0a4bb2d5
INFO:root:Pushed {'name': 'Melissa Green', 'email': 'lisa01@example.com', 'phone': '777-189-6275', 'url': None, 'type': 'post'} | task-id: af1ca7d2-f8d2-400e-aa4c-53d19035aa25
INFO:root:Pushed {'name': 'Kristin Perry', 'email': 'stephanie56@example.org', 'phone': '499.276.1780x469', 'url': 'http://tran.net/', 'type': 'email'} | task-id: 49276457-fd45-49a1-9075-4953d0824e7a
INFO:root:Pushed {'name': 'Alexandra Anderson', 'email': None, 'phone': '349.473.5503x35325', 'url': 'http://manning.com/', 'type': 'email'} | task-id: 4067c628-ea18-41a6-b229-4af2e79d4c4d
INFO:root:Pushed {'name': 'Ryan Potts', 'email': 'tanyawilson@example.net', 'phone': '643-902-2422x785', 'url': 'https://www.barton.com/', 'type': 'post'} | task-id: cf5d9a7f-c852-4b57-b0f8-4c3bec9190cd
INFO:root:Pushed {'name': 'James Allen', 'email': 'swilliams@example.org', 'phone': '001-374-812-9089x448', 'url': None, 'type': 'post'} | task-id: f6700910-d116-40b5-aa56-4830d5030655
INFO:root:Pushed {'name': 'Elijah Richardson', 'email': 'rmcclure@example.org', 'phone': '1037450231', 'url': 'https://www.howard.com/', 'type': 'sms'} | task-id: 22687a5b-b587-4fcb-b58d-571b80b84ec1
INFO:root:Pushed {'name': 'James Young', 'email': 'kwilliams@example.com', 'phone': '384.450.3619x8103', 'url': 'https://www.gray.com/', 'type': 'post'} | task-id: 62492970-4825-4cd1-8522-7e01640b40b5
INFO:root:Pushed {'name': 'Steven Dixon', 'email': 'ruizkayla@example.net', 'phone': '4071341118', 'url': 'http://www.oliver-gill.net/', 'type': 'post'} | task-id: 92ef8ee6-4741-4578-927b-0674c29efd78
INFO:root:Pushed {'name': 'Jill Cunningham', 'email': None, 'phone': '+1-907-749-4772x932', 'url': None, 'type': 'sms'} | task-id: cfff226b-2775-493e-87d2-7ef07d342915
INFO:root:Pushed {'name': 'Jessica Fields', 'email': 'maysjessica@example.org', 'phone': '+1-244-005-6573x9019', 'url': 'https://gray.com/', 'type': 'post'} | task-id: 9d48864b-2b20-4ead-8f4b-862379c0d800
INFO:root:Pushed {'name': 'Felicia Walker', 'email': 'mercedes62@example.net', 'phone': '227-321-8918x454', 'url': 'http://fitzgerald-cameron.org/', 'type': 'sms'} | task-id: 2de19793-5a7d-4309-a960-20d8c71d88f4
INFO:root:Pushed {'name': 'Michelle Mills', 'email': 'wmoore@example.org', 'phone': '(080)162-8976x37458', 'url': 'https://lee.biz/', 'type': 'email'} | task-id: 30ca1281-ed85-491d-b2ce-fa64bf7fcbaf
INFO:root:Pushed {'name': 'Nicole Dorsey', 'email': 'andreaandrews@example.com', 'phone': '028-809-2254', 'url': None, 'type': 'post'} | task-id: 6f0332b5-4897-455e-b6fc-e3ca709d221c
INFO:root:Pushed {'name': 'Joshua Rasmussen', 'email': 'harrisonmaria@example.net', 'phone': '001-195-972-1787x123', 'url': None, 'type': 'post'} | task-id: bd123e35-821e-42e6-90de-0aa141173e35
INFO:root:Pushed {'name': 'Julie Coleman', 'email': 'glenpowell@example.net', 'phone': '(955)310-0370x0967', 'url': 'http://www.cruz.com/', 'type': 'post'} | task-id: 07d1d828-937c-45b1-aa10-004d326ed362
INFO:root:Pushed {'name': 'Michelle Allison', 'email': 'wardjames@example.com', 'phone': '(732)214-0948', 'url': 'https://miller.com/', 'type': 'email'} | task-id: b88572d7-cc4a-44c3-ba6b-d7635a9bc871
INFO:root:Pushed {'name': 'Mark Sawyer', 'email': None, 'phone': '+1-748-076-3210', 'url': None, 'type': 'email'} | task-id: d017801a-9497-4b9e-932e-3b5f1cc5c2e4
INFO:root:Pushed {'name': 'Jeffrey King', 'email': 'gturner@example.com', 'phone': None, 'url': 'https://www.wilson.com/', 'type': 'sms'} | task-id: 437ef4f1-307f-43d9-8a67-009f20c46624
INFO:root:Pushed {'name': 'Robert Burnett', 'email': None, 'phone': '778-582-2106x76076', 'url': 'https://ellis.com/', 'type': 'email'} | task-id: 882cf02a-d70a-4ac5-9e7c-c7d8754444d6
INFO:root:Pushed {'name': 'Whitney Williams', 'email': 'osolomon@example.com', 'phone': '141-448-8803x84896', 'url': 'http://fuentes.com/', 'type': 'post'} | task-id: 20903738-f1b6-4583-9b44-1b2133bfa328
INFO:root:Pushed {'name': 'Harold Coffey', 'email': 'gmarsh@example.com', 'phone': '704.647.6583x4268', 'url': 'http://www.salazar.net/', 'type': 'sms'} | task-id: 99f78d2c-419f-4a65-a719-afa28aa366a2
INFO:root:Pushed {'name': 'James Holloway', 'email': None, 'phone': '303.824.3816x61134', 'url': 'https://mueller.org/', 'type': 'sms'} | task-id: 7d7a5104-3379-4a0a-bd9d-6e32d436441c
INFO:root:Pushed {'name': 'Sarah Petersen', 'email': 'fosterclifford@example.net', 'phone': '156.555.1087x2556', 'url': None, 'type': 'sms'} | task-id: e37836f3-e974-4a95-b8f9-bb3662b13d81
INFO:root:Pushed {'name': 'Vanessa Jackson', 'email': 'marydavis@example.net', 'phone': None, 'url': 'http://www.mata.biz/', 'type': 'email'} | task-id: ec3e5a44-b435-4998-b863-e5c94282f932
INFO:root:Pushed {'name': 'Emily Andrade', 'email': 'ujames@example.net', 'phone': None, 'url': 'http://dominguez.com/', 'type': 'email'} | task-id: 503b320d-ee41-438e-9bf0-6874498afa1d
INFO:root:Pushed {'name': 'Caitlin Garcia', 'email': 'johnsondavid@example.net', 'phone': '6117697514', 'url': 'https://harrison-edwards.com/', 'type': 'post'} | task-id: a0283e14-b194-402d-83cd-5d08c00cf477
INFO:root:Pushed {'name': 'Mr. Peter Sanchez', 'email': 'zacharyevans@example.net', 'phone': '626.254.8627x5190', 'url': 'http://jones.biz/', 'type': 'sms'} | task-id: b13fee03-08be-4397-9e4c-f9f265a64262
INFO:root:Pushed {'name': 'Joanna Lewis', 'email': 'erobertson@example.org', 'phone': '337-328-5018x4897', 'url': 'http://www.soto.com/', 'type': 'post'} | task-id: 564ca7b4-52d2-42a8-a950-35b9a10ce34d
INFO:root:Pushed {'name': 'John Fry', 'email': None, 'phone': '755-034-7552x9369', 'url': None, 'type': 'post'} | task-id: eba089b5-9831-4f3f-a7c7-15c712bf90c1
INFO:root:Pushed {'name': 'Holly Atkins', 'email': 'phillippatterson@example.com', 'phone': '001-407-010-8492x3225', 'url': 'https://cole.com/', 'type': 'email'} | task-id: 0fe576a9-ad5a-4e74-91ce-16fcf45ff2ce
INFO:root:Pushed {'name': 'Adam Jones', 'email': 'erikasmith@example.org', 'phone': None, 'url': 'https://anderson.com/', 'type': 'post'} | task-id: 1f42dba9-3bfd-45e1-b01a-f31a738887fb
INFO:root:Pushed {'name': 'Michael Whitaker', 'email': 'roger98@example.com', 'phone': '482.742.1586', 'url': 'https://www.gomez-henry.info/', 'type': 'post'} | task-id: aa286752-1a85-454a-9db9-c306c3d52493
INFO:root:Pushed {'name': 'Courtney Campbell', 'email': 'ncruz@example.com', 'phone': None, 'url': None, 'type': 'email'} | task-id: 407d5eeb-d661-487a-a857-fb04bea13939
INFO:root:Pushed {'name': 'Johnny Nash', 'email': 'daniel40@example.com', 'phone': '001-617-225-8534', 'url': 'http://www.yang-smith.net/', 'type': 'email'} | task-id: a532cc61-0334-4509-af32-05a1916c4cdc
INFO:root:Pushed {'name': 'Christopher Carroll', 'email': 'richardpatel@example.net', 'phone': '633.143.8088', 'url': 'http://www.hall-dalton.com/', 'type': 'email'} | task-id: 8da59d12-98f6-4b42-a4f8-41e809e99449
INFO:root:Pushed {'name': 'Patrick Ortiz', 'email': 'mary41@example.net', 'phone': '(958)548-9658', 'url': 'https://www.warner.org/', 'type': 'sms'} | task-id: 2b545bbc-15cf-4b72-9469-6ff007ee7fea
INFO:root:Pushed {'name': 'Thomas Pearson', 'email': None, 'phone': None, 'url': 'https://howell.com/', 'type': 'email'} | task-id: 0a6b8778-7e3e-4772-8d4e-e6fb9f2d0297
INFO:root:Pushed {'name': 'Mark Gutierrez', 'email': 'moorebrandon@example.com', 'phone': '979.949.9070', 'url': 'http://www.hill.com/', 'type': 'email'} | task-id: 458ad888-4c00-4ea4-b0c3-87678ae8d012
INFO:root:Pushed {'name': 'Diana Daugherty MD', 'email': 'williamsstephanie@example.org', 'phone': '(466)044-7116', 'url': 'https://pacheco.com/', 'type': 'post'} | task-id: 3933a5a3-8895-423f-afda-a4b01a4005b8
INFO:root:Pushed {'name': 'David Taylor', 'email': 'iallen@example.org', 'phone': '+1-648-025-5052', 'url': 'https://harvey.net/', 'type': 'post'} | task-id: b77e5da2-f410-417f-8ed3-ac4ebdc1390e
INFO:root:Pushed {'name': 'Jonathan Thornton', 'email': None, 'phone': '+1-133-872-9502x447', 'url': 'http://www.campos-singleton.com/', 'type': 'email'} | task-id: 2968c5d0-925e-433f-af78-33f1d84820a4
INFO:root:Pushed {'name': 'Scott Shepard', 'email': 'michael45@example.net', 'phone': '967-992-9345', 'url': 'http://www.weber.com/', 'type': 'post'} | task-id: d2dfb599-02a7-4669-85df-1c4d69ef3b97
INFO:root:Pushed {'name': 'Karen Fuentes', 'email': None, 'phone': '874.408.9702x83189', 'url': 'http://www.wilson-hudson.com/', 'type': 'email'} | task-id: bec9b63d-030e-4cc3-aa89-8826495a13d0
INFO:root:Pushed {'name': 'Scott Reyes', 'email': None, 'phone': '462-232-1426x299', 'url': 'https://black.net/', 'type': 'post'} | task-id: 791a2cf0-7b08-48a6-a134-5250730adf76
INFO:root:Pushed {'name': 'Kenneth Green', 'email': 'stephenphelps@example.org', 'phone': '158-344-6572x652', 'url': None, 'type': 'sms'} | task-id: 089f14bd-e694-4206-97da-466dd93ce37b
INFO:root:Pushed {'name': 'Sean Williams', 'email': 'qcastro@example.net', 'phone': '4177147365', 'url': None, 'type': 'email'} | task-id: dd90d0b5-0b8d-4c47-a71e-ad85aa3a6bcd
INFO:root:Pushed {'name': 'Anthony Mendoza', 'email': 'leejeff@example.org', 'phone': None, 'url': None, 'type': 'email'} | task-id: 526310d4-2dbb-44d5-bb6a-71634293e983
INFO:root:Pushed {'name': 'Sherri Hill', 'email': 'todd38@example.org', 'phone': '522.492.3042x81793', 'url': 'http://gray.com/', 'type': 'post'} | task-id: 78eebb75-db56-4b14-a1f0-7d2ff15c1bac
INFO:root:Pushed {'name': 'Matthew Shah', 'email': 'riddlerobin@example.org', 'phone': '(478)701-7301x3219', 'url': 'https://www.bartlett-stark.com/', 'type': 'email'} | task-id: 559691d4-dc64-49a7-bd8d-bec17ee00997
INFO:root:Pushed {'name': 'April Diaz', 'email': 'lcuevas@example.org', 'phone': None, 'url': 'http://guzman-martin.com/', 'type': 'sms'} | task-id: 8901d0c3-24ee-4bcd-8c57-d366746e0af0
INFO:root:Pushed {'name': 'Cory Morris', 'email': 'ejackson@example.net', 'phone': '+1-668-963-2324x2909', 'url': None, 'type': 'post'} | task-id: 61c1bdc3-157e-433a-b68a-c141257bf3e7
INFO:root:Pushed {'name': 'Julie Reynolds', 'email': 'elindsey@example.net', 'phone': '(489)132-2197', 'url': 'http://howard-ramirez.biz/', 'type': 'email'} | task-id: c9f25c27-f46d-442d-82b7-f2cc00bd32c0
INFO:root:Pushed {'name': 'Juan Smith', 'email': 'chadmurphy@example.net', 'phone': '839.627.7810x821', 'url': 'https://christian-riddle.com/', 'type': 'post'} | task-id: 22bfdbed-af5a-4f3a-b403-6f7fa7666e84
INFO:root:Pushed {'name': 'Lauren Smith', 'email': 'mooremaria@example.net', 'phone': None, 'url': 'http://morris-williams.net/', 'type': 'sms'} | task-id: 24f9a5dc-edf7-42f6-8d11-ede76f3846be
INFO:root:Pushed {'name': 'Nicole Carter', 'email': 'salazarmelanie@example.org', 'phone': '982.105.0959', 'url': 'http://www.clayton-contreras.com/', 'type': 'email'} | task-id: 84c1ebda-83f4-449b-911b-1a346eb19294
INFO:root:Pushed {'name': 'Michael Black', 'email': None, 'phone': '+1-733-697-1826', 'url': None, 'type': 'email'} | task-id: f8761e4c-a9f6-4cd3-abdd-293d1de0a2cc
INFO:root:Pushed {'name': 'Kathleen Armstrong', 'email': None, 'phone': None, 'url': 'http://www.lopez.com/', 'type': 'email'} | task-id: 5f6b52ba-3c7d-45b8-9cd2-25b6e33a685c
INFO:root:Pushed {'name': 'Joshua Higgins', 'email': 'joseph89@example.net', 'phone': None, 'url': None, 'type': 'email'} | task-id: 857293f3-5a9b-4042-b32a-09f13f9601c0
INFO:root:Pushed {'name': 'Amanda Lindsey', 'email': None, 'phone': '247-657-3965x213', 'url': 'http://www.hobbs.com/', 'type': 'email'} | task-id: 0a609434-afa9-4a92-8f6d-ee44219c3294
INFO:root:Pushed {'name': 'David Ramos', 'email': 'conniehill@example.org', 'phone': '001-133-348-6621x1289', 'url': 'https://villa.com/', 'type': 'sms'} | task-id: 653b22b4-f4de-4a74-b41c-d689a3b98399
INFO:root:Pushed {'name': 'Evan Baldwin', 'email': 'idelgado@example.com', 'phone': None, 'url': 'https://wilson-finley.com/', 'type': 'post'} | task-id: 3e06acb1-1c10-4a42-ab1c-727b5e4f2ce4
INFO:root:Pushed {'name': 'Jacob Miller', 'email': 'michaelfreeman@example.net', 'phone': None, 'url': None, 'type': 'post'} | task-id: cd948b08-0579-43ed-860f-8693e1f1c00a
INFO:root:Pushed {'name': 'Pamela Kramer', 'email': 'katie90@example.com', 'phone': '(979)440-8573x03490', 'url': 'https://beck.com/', 'type': 'email'} | task-id: f51c4c75-57b2-4ffc-93b5-ea5291c73133
INFO:root:Pushed {'name': 'Trevor Schultz', 'email': 'jamieward@example.com', 'phone': '001-956-018-2484x69520', 'url': 'https://www.bonilla.com/', 'type': 'sms'} | task-id: e0a27fb3-56c1-4ccc-83a6-989da6fb9aaf
INFO:root:Pushed {'name': 'Michael Jones', 'email': 'dawn02@example.org', 'phone': None, 'url': 'https://munoz-woods.net/', 'type': 'email'} | task-id: 360a4770-ac3b-4324-b942-26fee35df42d
INFO:root:Pushed {'name': 'Kara Johnson', 'email': 'petersonmark@example.com', 'phone': '273.283.8320', 'url': None, 'type': 'post'} | task-id: e5689f56-1001-452c-9526-e6c782561856
INFO:root:Pushed {'name': 'Chad Alexander', 'email': 'taylorcunningham@example.com', 'phone': '+1-619-781-2926x72778', 'url': 'https://www.blackwell-eaton.com/', 'type': 'post'} | task-id: d635dfb1-beab-4c63-b302-dffce60fba53
INFO:root:Pushed {'name': 'Brandi Hoover DVM', 'email': 'kevincollins@example.net', 'phone': '001-515-530-8554x188', 'url': 'http://ball.com/', 'type': 'email'} | task-id: 7d7c9a11-f06a-4a3c-83d4-9045327aef50
INFO:root:Pushed {'name': 'Amber Middleton', 'email': None, 'phone': '+1-505-377-6757x069', 'url': 'http://perry-wood.com/', 'type': 'email'} | task-id: 0c2ca8b1-f28a-4f61-8929-00d6a011aa10
INFO:root:Pushed {'name': 'Bryan Watts', 'email': 'thomasjones@example.net', 'phone': '535-494-1419x5239', 'url': 'http://lewis.com/', 'type': 'sms'} | task-id: 7508a31f-242a-4035-986d-6434f1a2562d
INFO:root:Pushed {'name': 'Nicole Young', 'email': 'adam75@example.com', 'phone': '+1-232-718-9279x490', 'url': 'http://garza-reynolds.com/', 'type': 'sms'} | task-id: bd6533f0-f037-4c25-8a41-93710f0245d4
INFO:root:Pushed {'name': 'Samuel Carpenter', 'email': None, 'phone': '(192)891-6833x809', 'url': None, 'type': 'email'} | task-id: 2570ac6a-c711-4afb-809b-1493c563d927
INFO:root:Pushed {'name': 'Michael Murray', 'email': 'chadsanchez@example.org', 'phone': '(179)463-5122', 'url': 'http://huang.com/', 'type': 'post'} | task-id: 139bb071-01c6-49e9-8bdd-bf048ae350c5
INFO:root:Pushed {'name': 'Daniel Carter MD', 'email': None, 'phone': '(800)418-7220x76283', 'url': 'https://www.carlson-montes.net/', 'type': 'post'} | task-id: 66df775d-d873-4e68-877e-3a87a9b0f003
INFO:root:Pushed {'name': 'Joy Gallagher', 'email': 'jnixon@example.com', 'phone': '5841965166', 'url': 'http://miller.com/', 'type': 'post'} | task-id: eb1c7670-e949-4115-96de-323086751490
INFO:root:Pushed {'name': 'Teresa Martin', 'email': None, 'phone': '193-178-5451', 'url': 'http://miller-rivera.com/', 'type': 'post'} | task-id: 29428dff-acc6-4318-80a4-42c2d6b081b9
INFO:root:Pushed {'name': 'Mark Estrada', 'email': 'amy01@example.org', 'phone': '001-449-468-8104', 'url': 'https://landry.com/', 'type': 'sms'} | task-id: d7c41a6f-bf4e-4414-8098-e1427efc0b51
INFO:root:Pushed {'name': 'Jasmine Anderson', 'email': 'christopher93@example.net', 'phone': '+1-152-084-6860x0958', 'url': 'http://fernandez.info/', 'type': 'email'} | task-id: 546aadbd-d05d-4a75-b8f5-b6a23e3cbc1c
INFO:root:Pushed {'name': 'Scott Hunt', 'email': None, 'phone': '509-608-4623x7855', 'url': 'http://www.odom.com/', 'type': 'email'} | task-id: aab10166-ba01-4421-84a8-561ef680a44c
INFO:root:Pushed {'name': 'Cheryl Townsend', 'email': 'anthonyforbes@example.net', 'phone': '(058)348-0291', 'url': 'http://chavez.net/', 'type': 'email'} | task-id: f3ead2bc-3981-4f67-b2d6-c749a092817f
INFO:root:Pushed {'name': 'John Holden', 'email': 'sabrina23@example.net', 'phone': '209-682-1304x258', 'url': 'http://jacobs-cruz.com/', 'type': 'post'} | task-id: 4bfd9f0b-5d90-40a3-9c4b-6d9c67ed3ffa
INFO:root:Pushed {'name': 'Karen Smith', 'email': 'vsanders@example.net', 'phone': '+1-544-647-0908x94176', 'url': 'https://trujillo.info/', 'type': 'email'} | task-id: 4fd75d98-0c21-420a-ad02-5fe794ede592
INFO:root:Pushed {'name': 'John Goodman', 'email': None, 'phone': '+1-329-029-4680x60503', 'url': 'https://www.turner.com/', 'type': 'post'} | task-id: c8b807b6-99ab-4a4f-876a-a716fcca1412
INFO:root:Pushed {'name': 'Lisa Silva', 'email': 'cgray@example.net', 'phone': '(898)272-8635x9902', 'url': 'http://wilson.org/', 'type': 'sms'} | task-id: 62637933-0d13-4f3a-a4ca-817990db3fef
INFO:root:Pushed {'name': 'Mr. Victor Allen II', 'email': None, 'phone': '+1-123-166-9177x3355', 'url': 'http://case.info/', 'type': 'post'} | task-id: 8bca284d-ee82-427e-ac14-359736d004d4
INFO:root:Pushed {'name': 'Yvonne Williams', 'email': None, 'phone': '001-918-819-3897x83773', 'url': None, 'type': 'email'} | task-id: 4b6f85cc-ca9d-405f-851c-d7ea9e1376ac
INFO:root:Pushed {'name': 'Diane Jacobs', 'email': 'friedmanlisa@example.org', 'phone': None, 'url': 'http://www.carpenter-wheeler.info/', 'type': 'email'} | task-id: be47bf38-d242-441c-bc75-01c9abc124f5
INFO:root:Pushed {'name': 'Gary Martin', 'email': None, 'phone': None, 'url': 'http://martinez-romero.com/', 'type': 'email'} | task-id: 09882be4-d721-449e-9e03-d590cbe88f82
INFO:root:Pushed {'name': 'Colin Cruz', 'email': 'williamhill@example.com', 'phone': None, 'url': 'https://www.henry.info/', 'type': 'email'} | task-id: b3387d8c-c44f-4ea7-ab5e-232e67e82868
INFO:root:Pushed {'name': 'Mason Frey', 'email': None, 'phone': None, 'url': 'http://www.freeman-blair.com/', 'type': 'post'} | task-id: 236148e3-a884-41b3-942b-f15fdd9b7d09
INFO:root:Pushed {'name': 'Tara Foley', 'email': 'mario94@example.com', 'phone': None, 'url': 'https://www.richards.com/', 'type': 'email'} | task-id: 398714b5-9bbc-415e-9240-fedc34fbd8c6
INFO:root:Pushed {'name': 'Cindy Nichols', 'email': None, 'phone': '+1-092-326-3145', 'url': 'https://miller-young.com/', 'type': 'email'} | task-id: cbfb2c6f-b1a6-4030-aac2-9726d7f29ca5
INFO:root:Pushed {'name': 'Andrea Snyder', 'email': 'cooperkaitlyn@example.org', 'phone': '(766)200-2695', 'url': None, 'type': 'email'} | task-id: 1dd51202-d29d-4890-99af-419bfc7e1b4a
INFO:root:Pushed {'name': 'Ashley Stanley', 'email': 'gdoyle@example.org', 'phone': '668-515-1218', 'url': 'https://www.stevenson.com/', 'type': 'post'} | task-id: 874f36bc-00c7-474c-8370-0bd71cd2845a
INFO:root:Pushed {'name': 'Toni Frazier', 'email': 'abrown@example.com', 'phone': '386.666.6674x2516', 'url': None, 'type': 'email'} | task-id: 97de6880-6563-4571-8bd7-e786492779b7
INFO:root:Pushed {'name': 'Mr. Steve Smith', 'email': 'kho@example.net', 'phone': '(798)948-9746', 'url': 'http://www.king.biz/', 'type': 'email'} | task-id: 7db9fa07-f478-435c-ad1f-b3e441720d7f
INFO:root:Pushed {'name': 'Steven Walton', 'email': 'ramossharon@example.org', 'phone': None, 'url': 'https://goodman.com/', 'type': 'sms'} | task-id: 41a18bb8-6ac4-4347-8e43-b35f7857681e
INFO:root:Pushed {'name': 'Lucas Love', 'email': 'connoradams@example.net', 'phone': '+1-759-301-4387', 'url': 'http://miller-johnson.com/', 'type': 'post'} | task-id: ca5c44b2-59b5-497d-a381-82c03b7bbb90
INFO:root:Pushed {'name': 'Veronica Johnson', 'email': 'ssmith@example.net', 'phone': '058.357.9948x690', 'url': None, 'type': 'post'} | task-id: 8e04c16f-87b2-4ca3-be94-5dd7db094e67
INFO:root:Pushed {'name': 'Luis Nicholson', 'email': 'wbartlett@example.com', 'phone': None, 'url': 'http://munoz.net/', 'type': 'post'} | task-id: 7f58a56c-c54b-491c-9051-edf1fa811df8
INFO:root:Pushed {'name': 'Michael Martinez', 'email': 'hreid@example.com', 'phone': '+1-257-260-0185x2878', 'url': 'http://www.davis-bowman.com/', 'type': 'email'} | task-id: 2c2b7014-1294-4894-a258-7aae006da1f3
INFO:root:Pushed {'name': 'Erika Hunt', 'email': None, 'phone': None, 'url': None, 'type': 'email'} | task-id: 175fd330-3c05-4680-80b0-28b47c654f81
INFO:root:Pushed {'name': 'John Delgado', 'email': 'xpatterson@example.net', 'phone': '+1-285-110-2769x181', 'url': 'http://www.sanders-grant.com/', 'type': 'post'} | task-id: 8bab82f0-a678-44fe-9b21-4c9586167f00
INFO:root:Pushed {'name': 'Samantha Bird', 'email': 'vstevens@example.org', 'phone': '+1-888-459-3938', 'url': None, 'type': 'post'} | task-id: ad6665d9-9e41-461e-b2e5-6e0c80d01fc0
INFO:root:Pushed {'name': 'Matthew Ross', 'email': 'eugene20@example.net', 'phone': '(759)657-9722x559', 'url': 'https://www.buckley.com/', 'type': 'email'} | task-id: a838292a-c88d-4465-b19e-21a31d956c30
INFO:root:Pushed {'name': 'Rachel Hall', 'email': None, 'phone': '(961)717-9628x568', 'url': 'https://www.hernandez-mayer.org/', 'type': 'sms'} | task-id: 40986f15-6c3d-4ec1-a072-cb1664f06c98
INFO:root:Pushed {'name': 'Teresa Cannon', 'email': None, 'phone': '661-852-9593', 'url': 'http://terry.com/', 'type': 'post'} | task-id: a9af4b1f-0df0-4216-bc79-2c2ced8f86ac
INFO:root:Pushed {'name': 'Kristy Mathis', 'email': 'karenduncan@example.org', 'phone': '(330)873-0588x0540', 'url': 'http://murphy.com/', 'type': 'email'} | task-id: dec218e9-06ec-4782-acd2-c900779d6c5f
INFO:root:Pushed {'name': 'David White', 'email': None, 'phone': '298-577-3338x4796', 'url': 'http://vazquez.org/', 'type': 'email'} | task-id: 51f7d856-4444-45f2-a84e-f8fe1baf2b33
INFO:root:Pushed {'name': 'Rachael Guerrero', 'email': 'tbradley@example.org', 'phone': '001-179-900-1443x18130', 'url': 'http://howell.com/', 'type': 'sms'} | task-id: 58a10f16-bc66-4e7d-9c00-b75c080351ed
INFO:root:Pushed {'name': 'Laura Long', 'email': 'troy68@example.com', 'phone': '001-621-192-3971x318', 'url': 'https://www.bailey.com/', 'type': 'post'} | task-id: 6aa576d0-2166-4811-b160-f9d2fba98fc2
INFO:root:Pushed {'name': 'Todd Rhodes', 'email': 'matthew30@example.org', 'phone': '2775242607', 'url': 'https://esparza-alvarez.com/', 'type': 'post'} | task-id: b1182534-dd53-411f-b95a-6a0649b3d9bd
INFO:root:Pushed {'name': 'Bradley Delgado', 'email': 'darrell14@example.net', 'phone': None, 'url': 'http://www.daniels.com/', 'type': 'sms'} | task-id: c666ce24-0bab-4468-a4c3-0f2aa364bd83
INFO:root:Pushed {'name': 'Victoria Perry', 'email': 'ffernandez@example.net', 'phone': '484.263.0547x26924', 'url': 'https://www.yang.com/', 'type': 'post'} | task-id: 86bd6cfa-2aec-4ece-b459-0e044c1afdf6
INFO:root:Pushed {'name': 'James Baker', 'email': 'gabriellazamora@example.org', 'phone': '+1-089-080-9224x470', 'url': 'https://www.taylor.info/', 'type': 'sms'} | task-id: dcbe9ac0-73a9-4fdd-97f3-947865b9ae8b
INFO:root:Pushed {'name': 'Charles Franco', 'email': 'matthew33@example.com', 'phone': None, 'url': 'https://www.morris-ray.com/', 'type': 'sms'} | task-id: 6ad36499-8dcc-400e-b55a-59774e9ba72c
INFO:root:Pushed {'name': 'Joseph Williams', 'email': 'martinezwalter@example.com', 'phone': '001-020-720-3103x3311', 'url': None, 'type': 'email'} | task-id: 1c1b06a6-b807-404d-bfb6-788e6a5f8e03
INFO:root:Pushed {'name': 'Tara Jones', 'email': 'vmoreno@example.com', 'phone': '001-521-512-7582', 'url': 'https://www.richard.com/', 'type': 'sms'} | task-id: ce5981fc-3c3a-4cfb-be5b-7d136b2f2acf
INFO:root:Pushed {'name': 'Julie Fisher', 'email': None, 'phone': None, 'url': 'http://www.hardin.com/', 'type': 'post'} | task-id: 7b32ffb8-d804-4f78-a976-aec1f80ff48f
INFO:root:Pushed {'name': 'Mark Diaz', 'email': 'twilliams@example.com', 'phone': '275-107-4543', 'url': 'https://www.scott.info/', 'type': 'sms'} | task-id: c84e7676-d2ec-48f0-8cb8-f7153db0496b
INFO:root:Pushed {'name': 'Douglas Smith', 'email': 'patrickcruz@example.com', 'phone': '(163)263-1751x6543', 'url': 'http://arnold.com/', 'type': 'sms'} | task-id: f585a3da-0b59-4bab-a847-60a602e2b4f1
INFO:root:Pushed {'name': 'William Fisher', 'email': None, 'phone': '802-294-0766x889', 'url': None, 'type': 'post'} | task-id: 10d06683-5543-4983-8ebd-c7adf8d479c6
INFO:root:Pushed {'name': 'Aaron Hayes', 'email': 'jacksonjohn@example.com', 'phone': '001-854-025-8085x42533', 'url': None, 'type': 'email'} | task-id: cfc45659-432e-4cf2-b5f9-b764bbcf3f43
INFO:root:Pushed {'name': 'Thomas Taylor', 'email': 'ronaldclark@example.com', 'phone': None, 'url': 'http://gonzalez.info/', 'type': 'email'} | task-id: 35f4f933-bf66-478c-b5cd-e5a880937fce
INFO:root:Pushed {'name': 'Matthew Schwartz', 'email': 'geoffrey45@example.net', 'phone': None, 'url': None, 'type': 'post'} | task-id: 30311d19-850e-46b0-9717-ea15fd4e31e3
INFO:root:Pushed all notifs parsed from JSON source.
